[1m[33m
Warning: This is a simple server for use in testing or debugging Angular applications
locally. It hasn't been reviewed for security issues.

Binding this server to an open connection can result in compromising your application or
computer. Using a different host than the one passed to the "--host" flag might result in
websocket connection issues.
    [39m[22m
[1m[31m[31mX [41;31m[[41;97mERROR[41;31m][0m [1mCannot read directory "../..": Access is denied.[0m [1m[35m[plugin angular-compiler][0m


[31mX [41;31m[[41;97mERROR[41;31m][0m [1mCould not resolve "C:\\Users\\TNLT1670\\Downloads\\essenti'elle-santé\\src\\app\\components\\public-layout\\public-layout.css"[0m [1m[35m[plugin angular-compiler][0m


[31mX [41;31m[[41;97mERROR[41;31m][0m [1mCannot read directory "../..": Access is denied.[0m


[31mX [41;31m[[41;97mERROR[41;31m][0m [1mCould not resolve "C:\\Users\\TNLT1670\\Downloads\\essenti'elle-santé\\src\\main.ts"[0m


[31mX [41;31m[[41;97mERROR[41;31m][0m [1mCannot read directory "../..": Access is denied.[0m


[31mX [41;31m[[41;97mERROR[41;31m][0m [1mCould not resolve "@angular/ssr"[0m

    angular:main-server-inject-manifest:angular:main-server-inject-manifest:2:40:
[37m      2 │ import { ɵsetAngularAppManifest } from [32m'@angular/ssr'[37m;
        ╵                                        [32m~~~~~~~~~~~~~~[0m

  You can mark the path "@angular/ssr" as external to exclude it from the bundle, which will remove this error and leave the unresolved path in the bundle.


[31mX [41;31m[[41;97mERROR[41;31m][0m [1mCould not resolve "@angular/ssr"[0m

    angular:main-server:angular:main-server:6:19:
[37m      6 │             } from [32m'@angular/ssr'[37m;
        ╵                    [32m~~~~~~~~~~~~~~[0m

  You can mark the path "@angular/ssr" as external to exclude it from the bundle, which will remove this error and leave the unresolved path in the bundle.


[31mX [41;31m[[41;97mERROR[41;31m][0m [1mCould not resolve "@angular/core"[0m

    angular:main-server:angular:main-server:7:42:
[37m      7 │ export { ɵresetCompiledComponents } from [32m'@angular/core'[37m;
        ╵                                          [32m~~~~~~~~~~~~~~~[0m

  You can mark the path "@angular/core" as external to exclude it from the bundle, which will remove this error and leave the unresolved path in the bundle.


[31mX [41;31m[[41;97mERROR[41;31m][0m [1mCould not resolve "./src/main.server"[0m

    angular:main-server:angular:main-server:8:24:
[37m      8 │ export { default } from [32m'./src/main.server'[37m;
        ╵                         [32m~~~~~~~~~~~~~~~~~~~[0m


[31mX [41;31m[[41;97mERROR[41;31m][0m [1mCannot read directory "../..": Access is denied.[0m


[31mX [41;31m[[41;97mERROR[41;31m][0m [1mCould not resolve "@angular/ssr"[0m

    angular:ssr-entry-inject-manifest:angular:ssr-entry-inject-manifest:2:46:
[37m      2 │ import { ɵsetAngularAppEngineManifest } from [32m'@angular/ssr'[37m;
        ╵                                              [32m~~~~~~~~~~~~~~[0m

  You can mark the path "@angular/ssr" as external to exclude it from the bundle, which will remove this error and leave the unresolved path in the bundle.


[31mX [41;31m[[41;97mERROR[41;31m][0m [1mCould not resolve "./src/server"[0m

    angular:ssr-entry:angular:ssr-entry:2:24:
[37m      2 │ import * as server from [32m'./src/server'[37m;
        ╵                         [32m~~~~~~~~~~~~~~[0m


[31mX [41;31m[[41;97mERROR[41;31m][0m [1mCould not resolve "@angular/ssr"[0m

    angular:ssr-entry:angular:ssr-entry:6:33:
[37m      6 │ export { AngularAppEngine } from [32m'@angular/ssr'[37m;
        ╵                                  [32m~~~~~~~~~~~~~~[0m

  You can mark the path "@angular/ssr" as external to exclude it from the bundle, which will remove this error and leave the unresolved path in the bundle.


[31mX [41;31m[[41;97mERROR[41;31m][0m [1mCannot read directory "../..": Access is denied.[0m


[31mX [41;31m[[41;97mERROR[41;31m][0m [1mCould not resolve "src/styles.css"[0m

    angular:styles/global:styles:1:8:
[37m      1 │ @import [32m'src/styles.css'[37m;
        ╵         [32m~~~~~~~~~~~~~~~~[0m

  You can mark the path "src/styles.css" as external to exclude it from the bundle, which will remove this error and leave the unresolved path in the bundle.


[31mX [41;31m[[41;97mERROR[41;31m][0m [1mCannot read directory "../..": Access is denied.[0m


[31mX [41;31m[[41;97mERROR[41;31m][0m [1mCould not resolve "@angular/platform-server/init"[0m

    angular:polyfills-server:angular:polyfills-server:1:7:
[37m      1 │ import [32m'@angular/platform-server/init'[37m;
        ╵        [32m~~~~~~~~~~~~~~~~~~~~~~~~~~~~~~~[0m

  You can mark the path "@angular/platform-server/init" as external to exclude it from the bundle, which will remove this error and leave the unresolved path in the bundle.

[39m[22m
